2026-06-20T00:32:47.799Z
Error
    at Query.run (C:\Users\Josedaniel\Documents\UNEFA\Proyecto_S.C\proyect_servicio_comunitario\backend\node_modules\sequelize\src\dialects\postgres\query.js:76:25)
    at <anonymous> (C:\Users\Josedaniel\Documents\UNEFA\Proyecto_S.C\proyect_servicio_comunitario\backend\node_modules\sequelize\src\sequelize.js:650:28)
    at process.processTicksAndRejections (node:internal/process/task_queues:104:5)
    at async PostgresQueryInterface.insert (C:\Users\Josedaniel\Documents\UNEFA\Proyecto_S.C\proyect_servicio_comunitario\backend\node_modules\sequelize\src\dialects\abstract\query-interface.js:795:21)
    at async Auditoria.save (C:\Users\Josedaniel\Documents\UNEFA\Proyecto_S.C\proyect_servicio_comunitario\backend\node_modules\sequelize\src\model.js:4154:35)
    at async Auditoria.create (C:\Users\Josedaniel\Documents\UNEFA\Proyecto_S.C\proyect_servicio_comunitario\backend\node_modules\sequelize\src\model.js:2305:12)
    at async <anonymous> (C:\Users\Josedaniel\Documents\UNEFA\Proyecto_S.C\proyect_servicio_comunitario\backend\src\controllers\auditoria.controller.ts:22:20)

2026-06-20T00:37:44.888Z
Error
    at Query.run (C:\Users\Josedaniel\Documents\UNEFA\Proyecto_S.C\proyect_servicio_comunitario\backend\node_modules\sequelize\src\dialects\postgres\query.js:76:25)
    at <anonymous> (C:\Users\Josedaniel\Documents\UNEFA\Proyecto_S.C\proyect_servicio_comunitario\backend\node_modules\sequelize\src\sequelize.js:650:28)
    at process.processTicksAndRejections (node:internal/process/task_queues:104:5)
    at async PostgresQueryInterface.insert (C:\Users\Josedaniel\Documents\UNEFA\Proyecto_S.C\proyect_servicio_comunitario\backend\node_modules\sequelize\src\dialects\abstract\query-interface.js:795:21)
    at async Auditoria.save (C:\Users\Josedaniel\Documents\UNEFA\Proyecto_S.C\proyect_servicio_comunitario\backend\node_modules\sequelize\src\model.js:4154:35)
    at async Auditoria.create (C:\Users\Josedaniel\Documents\UNEFA\Proyecto_S.C\proyect_servicio_comunitario\backend\node_modules\sequelize\src\model.js:2305:12)
    at async <anonymous> (C:\Users\Josedaniel\Documents\UNEFA\Proyecto_S.C\proyect_servicio_comunitario\backend\src\controllers\auditoria.controller.ts:22:20)

2026-06-20T00:48:38.469Z
Error
    at Query.run (C:\Users\Josedaniel\Documents\UNEFA\Proyecto_S.C\proyect_servicio_comunitario\backend\node_modules\sequelize\src\dialects\postgres\query.js:76:25)
    at <anonymous> (C:\Users\Josedaniel\Documents\UNEFA\Proyecto_S.C\proyect_servicio_comunitario\backend\node_modules\sequelize\src\sequelize.js:650:28)
    at process.processTicksAndRejections (node:internal/process/task_queues:104:5)
    at async PostgresQueryInterface.insert (C:\Users\Josedaniel\Documents\UNEFA\Proyecto_S.C\proyect_servicio_comunitario\backend\node_modules\sequelize\src\dialects\abstract\query-interface.js:795:21)
    at async Auditoria.save (C:\Users\Josedaniel\Documents\UNEFA\Proyecto_S.C\proyect_servicio_comunitario\backend\node_modules\sequelize\src\model.js:4154:35)
    at async Auditoria.create (C:\Users\Josedaniel\Documents\UNEFA\Proyecto_S.C\proyect_servicio_comunitario\backend\node_modules\sequelize\src\model.js:2305:12)
    at async <anonymous> (C:\Users\Josedaniel\Documents\UNEFA\Proyecto_S.C\proyect_servicio_comunitario\backend\src\controllers\auditoria.controller.ts:22:20)

2026-06-20T01:36:24.681Z
Error
    at Query.run (C:\Users\Josedaniel\Documents\UNEFA\Proyecto_S.C\proyect_servicio_comunitario\backend\node_modules\sequelize\src\dialects\postgres\query.js:76:25)
    at <anonymous> (C:\Users\Josedaniel\Documents\UNEFA\Proyecto_S.C\proyect_servicio_comunitario\backend\node_modules\sequelize\src\sequelize.js:650:28)
    at process.processTicksAndRejections (node:internal/process/task_queues:104:5)
    at async PostgresQueryInterface.insert (C:\Users\Josedaniel\Documents\UNEFA\Proyecto_S.C\proyect_servicio_comunitario\backend\node_modules\sequelize\src\dialects\abstract\query-interface.js:795:21)
    at async NotaParcial.save (C:\Users\Josedaniel\Documents\UNEFA\Proyecto_S.C\proyect_servicio_comunitario\backend\node_modules\sequelize\src\model.js:4154:35)
    at async NotaParcial.create (C:\Users\Josedaniel\Documents\UNEFA\Proyecto_S.C\proyect_servicio_comunitario\backend\node_modules\sequelize\src\model.js:2305:12)
    at async NotaParcial.findOrCreate (C:\Users\Josedaniel\Documents\UNEFA\Proyecto_S.C\proyect_servicio_comunitario\backend\node_modules\sequelize\src\model.js:2417:25)
    at async <anonymous> (C:\Users\Josedaniel\Documents\UNEFA\Proyecto_S.C\proyect_servicio_comunitario\backend\src\controllers\evaluacion.controller.ts:119:33)

2026-06-20T01:39:12.179Z
Error
    at Query.run (C:\Users\Josedaniel\Documents\UNEFA\Proyecto_S.C\proyect_servicio_comunitario\backend\node_modules\sequelize\src\dialects\postgres\query.js:76:25)
    at <anonymous> (C:\Users\Josedaniel\Documents\UNEFA\Proyecto_S.C\proyect_servicio_comunitario\backend\node_modules\sequelize\src\sequelize.js:650:28)
    at process.processTicksAndRejections (node:internal/process/task_queues:104:5)
    at async PostgresQueryInterface.insert (C:\Users\Josedaniel\Documents\UNEFA\Proyecto_S.C\proyect_servicio_comunitario\backend\node_modules\sequelize\src\dialects\abstract\query-interface.js:795:21)
    at async NotaParcial.save (C:\Users\Josedaniel\Documents\UNEFA\Proyecto_S.C\proyect_servicio_comunitario\backend\node_modules\sequelize\src\model.js:4154:35)
    at async NotaParcial.create (C:\Users\Josedaniel\Documents\UNEFA\Proyecto_S.C\proyect_servicio_comunitario\backend\node_modules\sequelize\src\model.js:2305:12)
    at async NotaParcial.findOrCreate (C:\Users\Josedaniel\Documents\UNEFA\Proyecto_S.C\proyect_servicio_comunitario\backend\node_modules\sequelize\src\model.js:2417:25)
    at async <anonymous> (C:\Users\Josedaniel\Documents\UNEFA\Proyecto_S.C\proyect_servicio_comunitario\backend\src\controllers\evaluacion.controller.ts:121:33)

2026-06-20T01:40:55.183Z
Error
    at Query.run (C:\Users\Josedaniel\Documents\UNEFA\Proyecto_S.C\proyect_servicio_comunitario\backend\node_modules\sequelize\src\dialects\postgres\query.js:76:25)
    at <anonymous> (C:\Users\Josedaniel\Documents\UNEFA\Proyecto_S.C\proyect_servicio_comunitario\backend\node_modules\sequelize\src\sequelize.js:650:28)
    at process.processTicksAndRejections (node:internal/process/task_queues:104:5)
    at async PostgresQueryInterface.insert (C:\Users\Josedaniel\Documents\UNEFA\Proyecto_S.C\proyect_servicio_comunitario\backend\node_modules\sequelize\src\dialects\abstract\query-interface.js:795:21)
    at async NotaParcial.save (C:\Users\Josedaniel\Documents\UNEFA\Proyecto_S.C\proyect_servicio_comunitario\backend\node_modules\sequelize\src\model.js:4154:35)
    at async NotaParcial.create (C:\Users\Josedaniel\Documents\UNEFA\Proyecto_S.C\proyect_servicio_comunitario\backend\node_modules\sequelize\src\model.js:2305:12)
    at async NotaParcial.findOrCreate (C:\Users\Josedaniel\Documents\UNEFA\Proyecto_S.C\proyect_servicio_comunitario\backend\node_modules\sequelize\src\model.js:2417:25)
    at async <anonymous> (C:\Users\Josedaniel\Documents\UNEFA\Proyecto_S.C\proyect_servicio_comunitario\backend\src\controllers\evaluacion.controller.ts:121:33)

